<?xml version="1.0" encoding="UTF-8"?>
<!-- Generated by org.testng.reporters.JUnitReportReporter -->
<testsuite hostname="VNCP-Lap" failures="0" tests="3" name="com.nopcommerce.demo.testsuite.HomePageTest" time="17.117" errors="0" timestamp="2022-12-13T16:47:40 GMT" skipped="0">
  <testcase classname="com.nopcommerce.demo.testsuite.HomePageTest" name="verifyUserShouldNavigateToApparel" time="7.410"/>
  <system-out>
    <![CDATA[verifyElectronics[[ChromeDriver: chrome on WINDOWS (65c162b2ab3b38eca235cde1c4b4e25b)] -> xpath: //a[@href='/electronics']]
Click to see screenshot
<a target = "_blank" href=C:\Users\Nimisha\Week15-project4-com-nopcommerce.demo-page-factory_NimishaPatel/test-output/html/verifyUserShouldNavigateToApparelTue_Dec_13_16_46_32_GMT_2022.jpg>Screenshot</a>
<br>
Click to see screenshot
<a target = "_blank" href=C:\Users\Nimisha\Week15-project4-com-nopcommerce.demo-page-factory_NimishaPatel/test-output/html/verifyUserShouldNavigateToApparelTue_Dec_13_16_46_32_GMT_2022.jpg>Screenshot</a>
<br>]]>
  </system-out>
  <testcase classname="com.nopcommerce.demo.testsuite.HomePageTest" name="verifyUserShouldNavigateToComputer" time="5.046"/>
  <system-out>
    <![CDATA[verifyComputer[[ChromeDriver: chrome on WINDOWS (863dbef5b535fccc39890224786c14d3)] -> xpath: //a[@href='/computers']]
Click to see screenshot
<a target = "_blank" href=C:\Users\Nimisha\Week15-project4-com-nopcommerce.demo-page-factory_NimishaPatel/test-output/html/verifyUserShouldNavigateToComputerTue_Dec_13_16_46_37_GMT_2022.jpg>Screenshot</a>
<br>
Click to see screenshot
<a target = "_blank" href=C:\Users\Nimisha\Week15-project4-com-nopcommerce.demo-page-factory_NimishaPatel/test-output/html/verifyUserShouldNavigateToComputerTue_Dec_13_16_46_38_GMT_2022.jpg>Screenshot</a>
<br>]]>
  </system-out>
  <testcase classname="com.nopcommerce.demo.testsuite.HomePageTest" name="verifyUserShouldNavigateToElectronics" time="4.661"/>
  <system-out>
    <![CDATA[verifyElectronics[[ChromeDriver: chrome on WINDOWS (40ee18eb41a078c18e14d941054f85fa)] -> xpath: //a[@href='/electronics']]
Click to see screenshot
<a target = "_blank" href=C:\Users\Nimisha\Week15-project4-com-nopcommerce.demo-page-factory_NimishaPatel/test-output/html/verifyUserShouldNavigateToElectronicsTue_Dec_13_16_46_43_GMT_2022.jpg>Screenshot</a>
<br>
Click to see screenshot
<a target = "_blank" href=C:\Users\Nimisha\Week15-project4-com-nopcommerce.demo-page-factory_NimishaPatel/test-output/html/verifyUserShouldNavigateToElectronicsTue_Dec_13_16_46_43_GMT_2022.jpg>Screenshot</a>
<br>]]>
  </system-out>
</testsuite> <!-- com.nopcommerce.demo.testsuite.HomePageTest -->
