<?xml version="1.0" encoding="UTF-8"?>
<!-- Generated by org.testng.reporters.JUnitReportReporter -->
<testsuite hostname="VNCP-Lap" failures="0" tests="1" name="com.nopcommerce.demo.testsuite.ComputerTest" time="24.730" errors="0" timestamp="2022-12-13T16:47:40 GMT" skipped="0">
  <testcase classname="com.nopcommerce.demo.testsuite.ComputerTest" name="verifyProductArrangeInAlphaBaticalOrder" time="24.730"/>
  <system-out>
    <![CDATA[computerMenu[[ChromeDriver: chrome on WINDOWS (db325a2794bc77253b4be22fd444fe2a)] -> xpath: //a[@href='/computers']]
desktopMenu[[ChromeDriver: chrome on WINDOWS (db325a2794bc77253b4be22fd444fe2a)] -> xpath: //h2[@class='title']//a]
Click to see screenshot
<a target = "_blank" href=C:\Users\Nimisha\Week15-project4-com-nopcommerce.demo-page-factory_NimishaPatel/test-output/html/verifyProductArrangeInAlphaBaticalOrderTue_Dec_13_16_47_08_GMT_2022.jpg>Screenshot</a>
<br>
Click to see screenshot
<a target = "_blank" href=C:\Users\Nimisha\Week15-project4-com-nopcommerce.demo-page-factory_NimishaPatel/test-output/html/verifyProductArrangeInAlphaBaticalOrderTue_Dec_13_16_47_08_GMT_2022.jpg>Screenshot</a>
<br>]]>
  </system-out>
</testsuite> <!-- com.nopcommerce.demo.testsuite.ComputerTest -->
