<?xml version="1.0" encoding="UTF-8"?>
<!-- Generated by org.testng.reporters.JUnitReportReporter -->
<testsuite hostname="VNCP-Lap" failures="0" tests="1" name="com.nopcommerce.demo.testsuite.ComputerTest1" time="19.157" errors="0" timestamp="2022-12-13T16:47:40 GMT" skipped="0">
  <testcase classname="com.nopcommerce.demo.testsuite.ComputerTest1" name="verifyProductAddedToShoppingCartSuccessFully" time="19.157"/>
  <system-out>
    <![CDATA[clickOnComputer[[ChromeDriver: chrome on WINDOWS (294246bce8511ec8935d955e5526854b)] -> xpath: //a[@href='/computers']]
clickOnDesktop[[ChromeDriver: chrome on WINDOWS (294246bce8511ec8935d955e5526854b)] -> xpath: //h2[@class='title']//a]
getSelectByValue[[ChromeDriver: chrome on WINDOWS (294246bce8511ec8935d955e5526854b)] -> xpath: //select[@name='products-orderby']]
getVerifyBuildYourOwn[[ChromeDriver: chrome on WINDOWS (294246bce8511ec8935d955e5526854b)] -> xpath: //h1[contains(text(),'Build your own computer')]]
selectProcessorByValue[[ChromeDriver: chrome on WINDOWS (294246bce8511ec8935d955e5526854b)] -> xpath: //select[@id='product_attribute_1']]
selectRamByValue[[ChromeDriver: chrome on WINDOWS (294246bce8511ec8935d955e5526854b)] -> xpath: //select[@id='product_attribute_2']]
clickOnHDD400GB[[ChromeDriver: chrome on WINDOWS (294246bce8511ec8935d955e5526854b)] -> xpath: //label[text()='400 GB [+$100.00]']]
clickOnOsVistaPremium[[ChromeDriver: chrome on WINDOWS (294246bce8511ec8935d955e5526854b)] -> xpath: //label[text()='Vista Premium [+$60.00]']]
clickOnSoftwareTotalCommander[[ChromeDriver: chrome on WINDOWS (294246bce8511ec8935d955e5526854b)] -> xpath: //input[@id='product_attribute_5_12']]
clickOnAddToCartButton[[ChromeDriver: chrome on WINDOWS (294246bce8511ec8935d955e5526854b)] -> xpath: //button[@id='add-to-cart-button-1']]
verifyCaryMessage[[ChromeDriver: chrome on WINDOWS (294246bce8511ec8935d955e5526854b)] -> xpath: //body/div[@id='bar-notification']/div[1]/p[1]]
closeMessageBar[[ChromeDriver: chrome on WINDOWS (294246bce8511ec8935d955e5526854b)] -> xpath: //body/div[@id='bar-notification']/div[1]/span[1]]
mouseHoverOnElementShoppingCart[[ChromeDriver: chrome on WINDOWS (294246bce8511ec8935d955e5526854b)] -> xpath: //span[contains(text(),'Shopping cart')]]
clickOnGoToCart[[ChromeDriver: chrome on WINDOWS (294246bce8511ec8935d955e5526854b)] -> xpath: //button[@class='button-1 cart-button']]
sendTextToQuantityField[[ChromeDriver: chrome on WINDOWS (294246bce8511ec8935d955e5526854b)] -> xpath: //input[@value='1']]
clickOnUpdateShoppingCartButton[[ChromeDriver: chrome on WINDOWS (294246bce8511ec8935d955e5526854b)] -> xpath: //button[@id='updatecart']]
clickOnCheckBoxIAgreeWithTermsAndCondition[[ChromeDriver: chrome on WINDOWS (294246bce8511ec8935d955e5526854b)] -> xpath: //input[@id='termsofservice']]
clickOnCheckOutButton[[ChromeDriver: chrome on WINDOWS (294246bce8511ec8935d955e5526854b)] -> xpath: //button[@id='checkout']]
clickOnCheckOutAsGuest[[ChromeDriver: chrome on WINDOWS (294246bce8511ec8935d955e5526854b)] -> xpath: //button[contains(text(),'Checkout as Guest')]]
sendTextToFirstNameFieldPari[[ChromeDriver: chrome on WINDOWS (294246bce8511ec8935d955e5526854b)] -> id: BillingNewAddress_FirstName]
sendTextToLastNameFieldPatel[[ChromeDriver: chrome on WINDOWS (294246bce8511ec8935d955e5526854b)] -> id: BillingNewAddress_LastName]
sendTextToEmailFieldparipatel123@gmail.com[[ChromeDriver: chrome on WINDOWS (294246bce8511ec8935d955e5526854b)] -> id: BillingNewAddress_Email]
sendTextToCompanyField123456[[ChromeDriver: chrome on WINDOWS (294246bce8511ec8935d955e5526854b)] -> id: BillingNewAddress_Company]
sendTextToCityFieldCambridge[[ChromeDriver: chrome on WINDOWS (294246bce8511ec8935d955e5526854b)] -> xpath: //input[@id='BillingNewAddress_City']]
sendTextToAddressLine1Hilton Road[[ChromeDriver: chrome on WINDOWS (294246bce8511ec8935d955e5526854b)] -> css selector: #BillingNewAddress_Address1]
sendTextToAddressLine2Cambridge[[ChromeDriver: chrome on WINDOWS (294246bce8511ec8935d955e5526854b)] -> css selector: #BillingNewAddress_Address2]
sendTextToPostcodeCB4 3NB[[ChromeDriver: chrome on WINDOWS (294246bce8511ec8935d955e5526854b)] -> xpath: //input[@id='BillingNewAddress_ZipPostalCode']]
sendTextToPhoneNumberField01234567890[[ChromeDriver: chrome on WINDOWS (294246bce8511ec8935d955e5526854b)] -> xpath: //input[@id='BillingNewAddress_PhoneNumber']]
clickOnContinueButton[[ChromeDriver: chrome on WINDOWS (294246bce8511ec8935d955e5526854b)] -> xpath: //body/div[6]/div[3]/div[1]/div[1]/div[1]/div[2]/ol[1]/li[1]/div[2]/div[1]/button[4]]
clickOnNextDayAirButton[[ChromeDriver: chrome on WINDOWS (294246bce8511ec8935d955e5526854b)] -> xpath: //input[@id='shippingoption_1']]
clickOnContinueButtonAgain[[ChromeDriver: chrome on WINDOWS (294246bce8511ec8935d955e5526854b)] -> xpath: //body/div[6]/div[3]/div[1]/div[1]/div[1]/div[2]/ol[1]/li[3]/div[2]/form[1]/div[2]/button[1]]
clickOnCreditCardButton[[ChromeDriver: chrome on WINDOWS (294246bce8511ec8935d955e5526854b)] -> xpath: //input[@id='paymentmethod_1']]
selectClickOnContinue1[[ChromeDriver: chrome on WINDOWS (294246bce8511ec8935d955e5526854b)] -> xpath: //button[@class='button-1 payment-method-next-step-button']]
selectMasterCardFromCreditCardDropdown[[ChromeDriver: chrome on WINDOWS (294246bce8511ec8935d955e5526854b)] -> xpath: //select[@id='CreditCardType']]
sendTextTOCardHolderName[[ChromeDriver: chrome on WINDOWS (294246bce8511ec8935d955e5526854b)] -> id: CardholderName]
sendTextTOCardNumber[[ChromeDriver: chrome on WINDOWS (294246bce8511ec8935d955e5526854b)] -> id: CardNumber]
sendTextToCardCode[[ChromeDriver: chrome on WINDOWS (294246bce8511ec8935d955e5526854b)] -> id: CardCode]
clickOnContinueButton2[[ChromeDriver: chrome on WINDOWS (294246bce8511ec8935d955e5526854b)] -> xpath: //button[@class='button-1 payment-info-next-step-button']]
getVerifyText2[[ChromeDriver: chrome on WINDOWS (294246bce8511ec8935d955e5526854b)] -> xpath: //li[@class='shipping-method']//span[2]]
clickOnConformButton[[ChromeDriver: chrome on WINDOWS (294246bce8511ec8935d955e5526854b)] -> xpath: //button[@class='button-1 confirm-order-next-step-button']]
getVerifyText4[[ChromeDriver: chrome on WINDOWS (294246bce8511ec8935d955e5526854b)] -> xpath: //div[@class='page-title']/h1]
getVerifyText5[[ChromeDriver: chrome on WINDOWS (294246bce8511ec8935d955e5526854b)] -> xpath: //strong[contains(text(),'Your order has been successfully processed!')]]
clickOnContinueButton3[[ChromeDriver: chrome on WINDOWS (294246bce8511ec8935d955e5526854b)] -> css selector: div.master-wrapper-page:nth-child(6) div.master-wrapper-content div.master-column-wrapper div.center-1 div.page.checkout-page.order-completed-page div.page-body.checkout-data div.section.order-completed div.buttons > button.button-1.order-completed-continue-button]
Click to see screenshot
<a target = "_blank" href=C:\Users\Nimisha\Week15-project4-com-nopcommerce.demo-page-factory_NimishaPatel/test-output/html/verifyProductAddedToShoppingCartSuccessFullyTue_Dec_13_16_47_28_GMT_2022.jpg>Screenshot</a>
<br>
Click to see screenshot
<a target = "_blank" href=C:\Users\Nimisha\Week15-project4-com-nopcommerce.demo-page-factory_NimishaPatel/test-output/html/verifyProductAddedToShoppingCartSuccessFullyTue_Dec_13_16_47_28_GMT_2022.jpg>Screenshot</a>
<br>]]>
  </system-out>
</testsuite> <!-- com.nopcommerce.demo.testsuite.ComputerTest1 -->
